<?xml version="1.0" encoding="UTF-8"?>
<!-- Generated by org.testng.reporters.JUnitReportReporter -->
<testsuite hostname="LAPTOP-1EI9QECQ" failures="0" tests="1" name="MyRunner.TestRunner" time="9.676" errors="0" timestamp="11 Mar 2022 06:45:14 GMT" skipped="0">
  <testcase classname="MyRunner.TestRunner" name="runScenario" time="9.676"/>
</testsuite> <!-- MyRunner.TestRunner -->
